[2016-09-22 10:34:46] START
[2018-12-12 00:05:51] EDIT CE/views/default/display_posts.html: 0
[2018-12-12 00:06:46] EDIT CE/views/default/display_posts.html: 0
[2018-12-12 00:08:01] EDIT CE/views/default/display_posts.html: 0
[2018-12-12 00:08:15] EDIT CE/views/default/display_posts.html: 0
[2018-12-12 00:08:28] EDIT CE/views/default/display_posts.html: 0
[2018-12-12 00:08:36] EDIT CE/views/default/display_posts.html: 0
[2018-12-12 00:09:28] EDIT CE/views/default/display_posts.html: 0
[2018-12-12 00:10:49] EDIT CE/static/css/item_profile.css: 0
[2018-12-12 00:11:02] EDIT CE/static/css/item_profile.css: 1
[2018-12-12 00:11:24] EDIT CE/static/css/item_profile.css: -3
[2018-12-12 00:11:47] EDIT CE/static/css/item_profile.css: -1
[2018-12-12 00:12:08] EDIT CE/static/css/item_profile.css: 0
[2018-12-12 00:12:22] EDIT CE/static/css/item_profile.css: 1
[2018-12-12 00:13:20] EDIT CE/static/css/item_profile.css: 2
[2018-12-12 00:13:26] EDIT CE/static/css/item_profile.css: -6
[2018-12-12 00:14:04] EDIT CE/views/default/view_page.html: 0
[2018-12-12 00:14:15] EDIT CE/views/default/view_page.html: 0
[2018-12-12 00:14:28] EDIT CE/views/default/view_page.html: 0
[2018-12-12 00:14:37] EDIT CE/views/default/view_page.html: 0
[2018-12-12 00:14:47] EDIT CE/views/default/view_page.html: 0
[2018-12-12 00:15:14] EDIT CE/views/default/view_page.html: 0
[2018-12-12 00:15:34] EDIT CE/views/default/view_page.html: 0
[2018-12-12 00:16:06] EDIT CE/views/default/view_page.html: 0
[2018-12-12 00:16:30] EDIT CE/views/default/view_page.html: 0
[2018-12-12 00:16:46] EDIT CE/views/default/view_page.html: 0
[2018-12-12 00:16:53] EDIT CE/views/default/view_page.html: 0
[2018-12-12 00:17:05] EDIT CE/views/default/view_page.html: 0
[2018-12-12 00:23:34] EDIT CE/views/default/seller_profile.html: 0
[2018-12-12 00:27:01] EDIT CE/views/default/display_posts.html: 0
[2018-12-12 00:27:13] EDIT CE/views/default/display_posts.html: 0
[2018-12-12 00:44:37] EDIT CE/views/default/inbox.html: 0
[2018-12-12 00:45:10] EDIT CE/views/default/inbox.html: 0
[2018-12-12 00:45:47] EDIT CE/views/default/inbox.html: 0
[2018-12-12 00:46:19] EDIT CE/views/default/inbox.html: 0
[2018-12-12 00:47:17] EDIT CE/views/default/seller_profile.html: 0
[2018-12-12 00:48:31] EDIT CE/views/default/view_page.html: 0
[2018-12-12 00:48:49] EDIT CE/views/default/seller_profile.html: 0
[2018-12-12 00:51:23] EDIT CE/views/default/inbox.html: 0
[2018-12-12 00:52:19] EDIT CE/views/default/inbox.html: 0
[2018-12-12 00:53:13] EDIT CE/views/default/view_page.html: 0
[2018-12-12 00:53:22] EDIT CE/views/default/inbox.html: 0
[2018-12-12 00:53:36] EDIT CE/views/default/inbox.html: 0
[2018-12-12 00:53:47] EDIT CE/views/default/inbox.html: 0
[2018-12-12 00:54:00] EDIT CE/views/default/inbox.html: 0
[2018-12-12 00:54:46] EDIT CE/views/default/inbox.html: 1
[2018-12-12 00:54:57] EDIT CE/views/default/inbox.html: 0
[2018-12-12 00:55:09] EDIT CE/views/default/inbox.html: -1
[2018-12-12 01:00:15] EDIT CE/views/default/inbox.html: 0
[2018-12-12 01:00:43] EDIT CE/views/default/inbox.html: 0
[2018-12-12 01:04:28] EDIT CE/views/default/inbox.html: 0
[2018-12-12 01:05:15] EDIT CE/views/default/inbox.html: 0
[2018-12-12 01:06:39] EDIT CE/views/default/display_posts.html: 2
[2018-12-12 01:09:40] EDIT CE/views/default/display_posts.html: 0
[2018-12-12 01:09:54] EDIT CE/views/default/display_posts.html: 0
